<?xml version="1.0" encoding="UTF-8"?>
<testng-results skipped="0" failed="0" ignored="0" total="1" passed="1">
  <reporter-output>
  </reporter-output>
  <suite name="Surefire suite" duration-ms="37085" started-at="2023-05-20T10:06:52 EET" finished-at="2023-05-20T10:07:29 EET">
    <groups>
      <group name="cucumber">
        <method signature="AbstractTestNGCucumberTests.runScenario(io.cucumber.testng.PickleWrapper,io.cucumber.testng.FeatureWrapper)[pri:0, instance:org.example.testRunner.runners$runnerss@c46bcd4]" name="runScenario" class="io.cucumber.testng.AbstractTestNGCucumberTests"/>
      </group> <!-- cucumber -->
    </groups>
    <test name="Surefire test" duration-ms="37085" started-at="2023-05-20T10:06:52 EET" finished-at="2023-05-20T10:07:29 EET">
      <class name="org.example.testRunner.runners$runnerss">
        <test-method status="PASS" signature="setUpClass(org.testng.ITestContext)[pri:0, instance:org.example.testRunner.runners$runnerss@c46bcd4]" name="setUpClass" is-config="true" duration-ms="466" started-at="2023-05-20T10:06:52 EET" finished-at="2023-05-20T10:06:53 EET">
          <params>
            <param index="0">
              <value>
                <![CDATA[org.testng.TestRunner@26dc9bd5]]>
              </value>
            </param>
          </params>
          <reporter-output>
          </reporter-output>
        </test-method> <!-- setUpClass -->
        <test-method status="PASS" signature="runScenario(io.cucumber.testng.PickleWrapper,io.cucumber.testng.FeatureWrapper)[pri:0, instance:org.example.testRunner.runners$runnerss@c46bcd4]" name="runScenario" duration-ms="36487" started-at="2023-05-20T10:06:53 EET" description="Runs Cucumber Scenarios" data-provider="scenarios" finished-at="2023-05-20T10:07:29 EET">
          <params>
            <param index="0">
              <value>
                <![CDATA["User browse site for product"]]>
              </value>
            </param>
            <param index="1">
              <value>
                <![CDATA["Purchase product"]]>
              </value>
            </param>
          </params>
          <reporter-output>
          </reporter-output>
        </test-method> <!-- runScenario -->
        <test-method status="PASS" signature="tearDownClass()[pri:0, instance:org.example.testRunner.runners$runnerss@c46bcd4]" name="tearDownClass" is-config="true" duration-ms="78" started-at="2023-05-20T10:07:29 EET" finished-at="2023-05-20T10:07:29 EET">
          <reporter-output>
          </reporter-output>
        </test-method> <!-- tearDownClass -->
      </class> <!-- org.example.testRunner.runners$runnerss -->
    </test> <!-- Surefire test -->
  </suite> <!-- Surefire suite -->
</testng-results>
